c:\users\hp\desktop\6th sem\ime639\project\sportstimetabling\x64\release\vc142.pdb
c:\users\hp\desktop\6th sem\ime639\project\sportstimetabling\x64\release\tinyxml2.obj
c:\users\hp\desktop\6th sem\ime639\project\sportstimetabling\x64\release\source.obj
c:\users\hp\desktop\6th sem\ime639\project\sportstimetabling\x64\release\sportstimetabling.exe
c:\users\hp\desktop\6th sem\ime639\project\sportstimetabling\x64\release\sportstimetabling.pdb
c:\users\hp\desktop\6th sem\ime639\project\sportstimetabling\x64\release\sportstimetabling.ipdb
c:\users\hp\desktop\6th sem\ime639\project\sportstimetabling\x64\release\sportstimetabling.iobj
c:\users\hp\desktop\6th sem\ime639\project\sportstimetabling\x64\release\itc2021_test1.xml
c:\users\hp\desktop\6th sem\ime639\project\sportstimetabling\x64\release\itc2021_test2.xml
c:\users\hp\desktop\6th sem\ime639\project\sportstimetabling\x64\release\itc2021_test3.xml
c:\users\hp\desktop\6th sem\ime639\project\sportstimetabling\x64\release\itc2021_test4.xml
c:\users\hp\desktop\6th sem\ime639\project\sportstimetabling\x64\release\itc2021_test5.xml
c:\users\hp\desktop\6th sem\ime639\project\sportstimetabling\x64\release\itc2021_test6.xml
c:\users\hp\desktop\6th sem\ime639\project\sportstimetabling\x64\release\itc2021_test7.xml
c:\users\hp\desktop\6th sem\ime639\project\sportstimetabling\x64\release\itc2021_test8.xml
c:\users\hp\desktop\6th sem\ime639\project\sportstimetabling\x64\release\testinstancedemo.xml
c:\users\hp\desktop\6th sem\ime639\project\sportstimetabling\x64\release\sportsti.192f28d7.tlog\cl.command.1.tlog
c:\users\hp\desktop\6th sem\ime639\project\sportstimetabling\x64\release\sportsti.192f28d7.tlog\cl.read.1.tlog
c:\users\hp\desktop\6th sem\ime639\project\sportstimetabling\x64\release\sportsti.192f28d7.tlog\cl.write.1.tlog
c:\users\hp\desktop\6th sem\ime639\project\sportstimetabling\x64\release\sportsti.192f28d7.tlog\link.command.1.tlog
c:\users\hp\desktop\6th sem\ime639\project\sportstimetabling\x64\release\sportsti.192f28d7.tlog\link.read.1.tlog
c:\users\hp\desktop\6th sem\ime639\project\sportstimetabling\x64\release\sportsti.192f28d7.tlog\link.write.1.tlog
c:\users\hp\desktop\6th sem\ime639\project\sportstimetabling\x64\release\sportsti.192f28d7.tlog\sportstimetabling.write.1u.tlog
